Livro: Why Nations Fail adicionado com sucesso
Livro: The Inner Game of Tennis adicionado com sucesso
Livro: The Knowledge adicionado com sucesso
Livro: The 48 Laws of Power adicionado com sucesso
Livro: Evicted adicionado com sucesso
Livro: Library adicionado com sucesso
Livro: Cataloging the world adicionado com sucesso
Livro: Surely You're Joking, Mr. Feynma" adicionado com sucesso
Livro: The Diamond Age adicionado com sucesso
Livro: The anatomy of racial inequality adicionado com sucesso
Livro: The consolations of philosophy adicionado com sucesso
Livro: Essais adicionado com sucesso
Livro: Nonviolent Communication adicionado com sucesso
Livro: Mandarin Chinese adicionado com sucesso
Livro: The Secret of Apollo adicionado com sucesso
Livro: The Mastery and Uses of Fire in Antiquity adicionado com sucesso
Livro: Gödel, Escher, Bach adicionado com sucesso
Livro: Algorithms to Live By adicionado com sucesso

Livro indisponivel na biblioteca

Livro: Algorithms to Live By emprestado

Livro: Algorithms to Live By devolvido para a biblioteca

Livro encontrado com sucesso:
Codigo: OL17606421W
Nome do livro: Cataloging the world
Nome do autor: Alex Wright
Ano de publicacao: 2014

Livro encontrado com sucesso:
Codigo: OL16568759W
Nome do livro: Why Nations Fail
Nome do autor: Daron Acemoglu
Ano de publicacao: 2012
