add com sucesso
achou a bomba
add com sucesso
add com sucesso
add com sucesso
add com sucesso
add com sucesso
add com sucesso
add com sucesso
achou a bomba
add com sucesso
add com sucesso
add com sucesso
achou a bomba
achou a bomba
add com sucesso
achou a bomba
add com sucesso
add com sucesso
achou a bomba
add com sucesso
add com sucesso
add com sucesso
add com sucesso
add com sucesso
achou a bomba
achou a bomba
add com sucesso
add com sucesso
achou a bomba
add com sucesso
add com sucesso
add com sucesso
achou a bomba
achou a bomba
achou a bomba
add com sucesso
achou a bomba
achou a bomba
add com sucesso
add com sucesso
add com sucesso
achou a bomba
achou a bomba
add com sucesso
achou a bomba
add com sucesso
achou a bomba
achou a bomba
add com sucesso
achou a bomba
add com sucesso
add com sucesso
add com sucesso
achou a bomba
add com sucesso
add com sucesso
add com sucesso
add com sucesso
add com sucesso
achou a bomba
achou a bomba
achou a bomba
achou a bomba
achou a bomba
achou a bomba
achou a bomba
achou a bomba
achou a bomba
achou a bomba
achou a bomba
achou a bomba
achou a bomba
achou a bomba
achou a bomba
add com sucesso
achou a bomba
achou a bomba
achou a bomba
achou a bomba
achou a bomba
achou a bomba
achou a bomba
achou a bomba
achou a bomba
add com sucesso
achou a bomba
achou a bomba
achou a bomba
add com sucesso
add com sucesso
achou a bomba
achou a bomba
achou a bomba
achou a bomba
achou a bomba
achou a bomba
achou a bomba
achou a bomba
achou a bomba
add com sucesso
achou a bomba
achou a bomba
add com sucesso
achou a bomba
add com sucesso
achou a bomba
add com sucesso
achou a bomba
add com sucesso
add com sucesso
achou a bomba
achou a bomba
achou a bomba
achou a bomba
achou a bomba
achou a bomba
achou a bomba
achou a bomba
achou a bomba
achou a bomba
achou a bomba
achou a bomba
achou a bomba
achou a bomba
achou a bomba
achou a bomba
achou a bomba
achou a bomba
achou a bomba
add com sucesso
achou a bomba
add com sucesso
achou a bomba
achou a bomba
achou a bomba
achou a bomba
achou a bomba
achou a bomba
achou a bomba
add com sucesso
achou a bomba
achou a bomba
achou a bomba
achou a bomba
achou a bomba
add com sucesso
achou a bomba
achou a bomba
achou a bomba
achou a bomba
achou a bomba
achou a bomba
achou a bomba
achou a bomba
add com sucesso
achou a bomba
achou a bomba
achou a bomba
achou a bomba
achou a bomba
achou a bomba
achou a bomba
add com sucesso
achou a bomba
achou a bomba
achou a bomba
achou a bomba
achou a bomba
achou a bomba
achou a bomba
achou a bomba
achou a bomba
achou a bomba
achou a bomba
add com sucesso
achou a bomba
achou a bomba
achou a bomba
achou a bomba
achou a bomba
achou a bomba
achou a bomba
achou a bomba
achou a bomba
achou a bomba
achou a bomba
achou a bomba
achou a bomba
achou a bomba
achou a bomba
achou a bomba
achou a bomba
achou a bomba
achou a bomba
achou a bomba
achou a bomba
achou a bomba
achou a bomba
nao foi emcontrado
nao foi emcontrado
nao foi emcontrado
nao foi emcontrado
nao foi emcontrado
nao foi emcontrado
nao foi emcontrado
nao foi emcontrado
nao foi emcontrado
nao foi emcontrado
nao foi emcontrado
nao foi emcontrado
nao foi emcontrado
nao foi emcontrado
nao foi emcontrado
nao foi emcontrado
nao foi emcontrado
nao foi emcontrado
nao foi emcontrado
nao foi emcontrado
nao foi emcontrado
nao foi emcontrado
nao foi emcontrado
nao foi emcontrado
nao foi emcontrado
nao foi emcontrado
nao foi emcontrado
nao foi emcontrado
nao foi emcontrado
nao foi emcontrado
nao foi emcontrado
nao foi emcontrado
nao foi emcontrado
nao foi emcontrado
nao foi emcontrado
nao foi emcontrado
nao foi emcontrado
nao foi emcontrado
nao foi emcontrado
nao foi emcontrado
nao foi emcontrado
nao foi emcontrado
nao foi emcontrado
nao foi emcontrado
nao foi emcontrado
nao foi emcontrado
nao foi emcontrado
nao foi emcontrado
nao foi emcontrado
nao foi emcontrado
nao foi emcontrado
nao foi emcontrado
nao foi emcontrado
nao foi emcontrado
nao foi emcontrado
nao foi emcontrado
nao foi emcontrado
nao foi emcontrado
nao foi emcontrado
nao foi emcontrado
nao foi emcontrado
nao foi emcontrado
nao foi emcontrado
nao foi emcontrado
nao foi emcontrado
nao foi emcontrado
nao foi emcontrado
nao foi emcontrado
nao foi emcontrado
nao foi emcontrado
nao foi emcontrado
nao foi emcontrado
nao foi emcontrado
nao foi emcontrado
nao foi emcontrado
nao foi emcontrado
nao foi emcontrado
nao foi emcontrado
nao foi emcontrado
nao foi emcontrado
nao foi emcontrado
nao foi emcontrado
nao foi emcontrado
nao foi emcontrado
nao foi emcontrado
nao foi emcontrado
nao foi emcontrado
nao foi emcontrado
nao foi emcontrado
nao foi emcontrado
nao foi emcontrado
nao foi emcontrado
nao foi emcontrado
nao foi emcontrado
nao foi emcontrado
A media da Temperature: 100.996618
A media da Vibration: 2.672612
A media da Pressure: 235.937929
A media da Temperature: 97.303971
A media da Vibration: 2.708586
A media da Pressure: 211.919094
A media da Temperature: 121.139506
A media da Vibration: 2.209629
A media da Pressure: 203.715445
A media da Temperature: 90.210502
A media da Vibration: 3.136766
A media da Pressure: 148.896637
A media da Temperature: 100.846517
A media da Vibration: 2.083489
A media da Pressure: 209.119842
A media da Temperature: 96.215350
A media da Vibration: 3.360361
A media da Pressure: 144.699483
A media da Temperature: 90.210502
A media da Vibration: 3.136766
A media da Pressure: 148.896637
A media da Temperature: 112.520600
A media da Vibration: 2.365340
A media da Pressure: 204.379491
A media da Temperature: 84.609461
A media da Vibration: 2.560263
A media da Pressure: 182.696812
A media da Temperature: 104.867002
A media da Vibration: 2.018225
A media da Pressure: 146.930862
A media da Temperature: 119.469935
A media da Vibration: 2.230257
A media da Pressure: 228.396603
A media da Temperature: 84.714035
A media da Vibration: 1.428631
A media da Pressure: 193.166812
A media da Temperature: 105.693260
A media da Vibration: 1.626820
A media da Pressure: 202.009985
A media da Temperature: 105.321333
A media da Vibration: 2.670216
A media da Pressure: 204.087896
A media da Temperature: 100.846517
A media da Vibration: 2.083489
A media da Pressure: 209.119842
A media da Temperature: 122.870328
A media da Vibration: 2.387913
A media da Pressure: 191.720704
A media da Temperature: 146.604604
A media da Vibration: 2.351595
A media da Pressure: 224.320807
A media da Temperature: 74.619733
A media da Vibration: 3.700656
A media da Pressure: 181.636749
A media da Temperature: 86.126425
A media da Vibration: 2.364491
A media da Pressure: 185.701489
maior tem Temperature: 144.332866
maior tem Vibration: 4.682757
maior tem Pressure: 293.729528
maior tem Temperature: 116.958322
maior tem Vibration: 4.209538
maior tem Pressure: 154.508194
maior tem Temperature: 118.284628
maior tem Vibration: 4.947252
maior tem Pressure: 157.073471
maior tem Temperature: 134.878465
maior tem Vibration: 4.704874
maior tem Pressure: 259.863230
maior tem Temperature: 138.763109
maior tem Vibration: 4.872123
maior tem Pressure: 293.618885
maior tem Temperature: 118.284628
maior tem Vibration: 4.947252
maior tem Pressure: 157.073471
maior tem Temperature: 115.733761
maior tem Vibration: 4.600433
maior tem Pressure: 251.831653
maior tem Temperature: 138.763109
maior tem Vibration: 4.872123
maior tem Pressure: 293.618885
maior tem Temperature: 146.604604
maior tem Vibration: 2.351595
maior tem Pressure: 224.320807
maior tem Temperature: 144.345387
maior tem Vibration: 3.590997
maior tem Pressure: 273.729988
maior tem Temperature: 136.038251
maior tem Vibration: 4.311279
maior tem Pressure: 278.373786
maior tem Temperature: 136.038251
maior tem Vibration: 4.311279
maior tem Pressure: 278.373786
maior tem Temperature: 143.613472
maior tem Vibration: 2.041324
maior tem Pressure: 246.787943
maior tem Temperature: 147.214862
maior tem Vibration: 4.705189
maior tem Pressure: 286.486645
maior tem Temperature: 126.826376
maior tem Vibration: 4.784299
maior tem Pressure: 299.379926
maior tem Temperature: 96.560751
maior tem Vibration: 4.836801
maior tem Pressure: 238.612694
maior tem Temperature: 111.508463
maior tem Vibration: 3.737196
maior tem Pressure: 265.238348
maior tem Temperature: 134.878465
maior tem Vibration: 4.704874
maior tem Pressure: 259.863230
maior tem Temperature: 121.660597
maior tem Vibration: 3.859930
maior tem Pressure: 192.595475
menor tem Temperature: 52.384802
menor tem Vibration: 0.649907
menor tem Pressure: 110.693396
menor tem Temperature: 55.732957
menor tem Vibration: 0.291443
menor tem Pressure: 150.692250
menor tem Temperature: 79.978548
menor tem Vibration: 0.804755
menor tem Pressure: 117.119636
menor tem Temperature: 79.978548
menor tem Vibration: 0.804755
menor tem Pressure: 117.119636
menor tem Temperature: 80.935649
menor tem Vibration: 0.163398
menor tem Pressure: 107.783117
menor tem Temperature: 61.910787
menor tem Vibration: 1.995531
menor tem Pressure: 172.923692
menor tem Temperature: 121.139506
menor tem Vibration: 2.209629
menor tem Pressure: 203.715445
menor tem Temperature: 100.691913
menor tem Vibration: 0.437629
menor tem Pressure: 104.770250
menor tem Temperature: 100.691913
menor tem Vibration: 0.437629
menor tem Pressure: 104.770250
menor tem Temperature: 81.812875
menor tem Vibration: 1.119214
menor tem Pressure: 130.292673
menor tem Temperature: 51.099506
menor tem Vibration: 1.114923
menor tem Pressure: 166.486448
menor tem Temperature: 51.099506
menor tem Vibration: 1.114923
menor tem Pressure: 166.486448
menor tem Temperature: 57.685539
menor tem Vibration: 1.307086
menor tem Pressure: 119.370164
menor tem Temperature: 57.736518
menor tem Vibration: 0.302498
menor tem Pressure: 127.312218
menor tem Temperature: 81.812875
menor tem Vibration: 1.119214
menor tem Pressure: 130.292673
menor tem Temperature: 57.736518
menor tem Vibration: 0.302498
menor tem Pressure: 127.312218
menor tem Temperature: 77.562536
menor tem Vibration: 0.823195
menor tem Pressure: 124.307660
menor tem Temperature: 55.732957
menor tem Vibration: 0.291443
menor tem Pressure: 150.692250
menor tem Temperature: 84.405535
menor tem Vibration: 0.470237
menor tem Pressure: 125.355689
foi removido
foi removido
foi removido
foi removido
foi removido
foi removido
foi removido
foi removido
id não  encontrado
foi removido
foi removido
id não  encontrado
foi removido
foi removido
foi removido
foi removido
foi removido
id não  encontrado
foi removido
id não  encontrado
id não  encontrado
id não  encontrado
id não  encontrado
id não  encontrado
id não  encontrado
id não  encontrado
id não  encontrado
id não  encontrado
id não  encontrado
id não  encontrado
id não  encontrado
id não  encontrado
id não  encontrado
id não  encontrado
id não  encontrado
id não  encontrado
id não  encontrado
id não  encontrado
id não  encontrado
id não  encontrado
id não  encontrado
id não  encontrado
id não  encontrado
id não  encontrado
id não  encontrado
id não  encontrado
id não  encontrado
id não  encontrado
id não  encontrado
id não  encontrado
id não  encontrado
id não  encontrado
id não  encontrado
id não  encontrado
id não  encontrado
id não  encontrado
id não  encontrado
id não  encontrado
id não  encontrado
id não  encontrado
id não  encontrado
id não  encontrado
id não  encontrado
id não  encontrado
id não  encontrado
id não  encontrado
id não  encontrado
id não  encontrado
id não  encontrado
id não  encontrado
id não  encontrado
id não  encontrado
id não  encontrado
id não  encontrado
id não  encontrado
id não  encontrado
id não  encontrado
id não  encontrado
id não  encontrado
id não  encontrado
id não  encontrado
id não  encontrado
id não  encontrado
id não  encontrado
id não  encontrado
id não  encontrado
id não  encontrado
id não  encontrado
id não  encontrado
id não  encontrado
id não  encontrado
id não  encontrado
id não  encontrado
id não  encontrado
id não  encontrado
id não  encontrado
id não  encontrado
id não  encontrado
id não  encontrado
id não  encontrado
id não  encontrado
id não  encontrado
id não  encontrado
id não  encontrado
id não  encontrado
id não  encontrado
id não  encontrado
id não  encontrado
id não  encontrado
id não  encontrado
id não  encontrado
id não  encontrado
id não  encontrado
id não  encontrado
end
