Livro: Not Nice adicionado com sucesso
Livro: How Asia Works: Success and Failure in the World's Most Dynamic Region adicionado com sucesso
Livro: Strange tools adicionado com sucesso
Livro: The Liberation of Sita adicionado com sucesso
Livro: Making Space adicionado com sucesso
Livro: Discrimination by design adicionado com sucesso
Livro: Hidden Potential adicionado com sucesso
Livro: The Ages of Globalization adicionado com sucesso
Livro: Scattered adicionado com sucesso
Livro: Think on These Things adicionado com sucesso
Livro: Race in America adicionado com sucesso
Livro: Poverty, by America adicionado com sucesso
Livro: Twilight of the Idols and The Antichrist adicionado com sucesso
Livro: Comprehension adicionado com sucesso
Livro: Schooling in Capitalist America adicionado com sucesso
Livro: Inventing Temperature adicionado com sucesso
Livro: Chasing the scream adicionado com sucesso
Livro: Robert A. Heinlein adicionado com sucesso
Livro: Industrializing knowledge adicionado com sucesso
Livro: The Signal and the Noise adicionado com sucesso
Livro: Culture Warlords adicionado com sucesso
Livro: Seeing Nature adicionado com sucesso
Livro: Scarcity adicionado com sucesso
Livro: Codependent No More and Beyond Codependency adicionado com sucesso
Livro: The Art of Community adicionado com sucesso
Livro: The Culture Map adicionado com sucesso
Livro: Siddhartha adicionado com sucesso
Livro: Boundaries adicionado com sucesso
Livro: The Goldfinch adicionado com sucesso
Livro: Toyota production system adicionado com sucesso
Livro: The White Man's Burden adicionado com sucesso
Livro: Dead aid adicionado com sucesso
Livro: The beginning of infinity adicionado com sucesso
Livro: Active Inference adicionado com sucesso
Livro: How not to hate your husband after kids adicionado com sucesso
Livro: Selfish reasons to have more kids adicionado com sucesso
Livro: Book of Boundaries adicionado com sucesso
Livro: Medieval technology and social change adicionado com sucesso
Livro: The lives of a cell adicionado com sucesso
Livro: The Four Agreements adicionado com sucesso
Livro: Superintelligence adicionado com sucesso
Livro: The Inevitable adicionado com sucesso
Livro: The evolution of useful things adicionado com sucesso
Livro: Black hole focus adicionado com sucesso
Livro: Out of control adicionado com sucesso
Livro: Good Inside adicionado com sucesso
Livro: Working Backwards adicionado com sucesso
Livro: The Dispossessed adicionado com sucesso
Livro: The Fountainhead adicionado com sucesso
Livro: Hood Feminism adicionado com sucesso
Livro: The Shallows adicionado com sucesso
Livro: Genesis of Technoscientific Revolutions adicionado com sucesso
Livro: In the Light of What We Know adicionado com sucesso
Livro: Adult children of emotionally immature parents adicionado com sucesso
Livro: The 4 disciplines of execution adicionado com sucesso
Livro: The divide adicionado com sucesso
Livro: Bronze Age Mindset adicionado com sucesso
Livro: Atlas Shrugged adicionado com sucesso
Livro: Getting to yes adicionado com sucesso
Livro: Immune adicionado com sucesso
Livro: Japan's Imperial Underworlds adicionado com sucesso
Livro: Made to stick adicionado com sucesso
Livro: Why Fish Don't Exist adicionado com sucesso
Livro: The Tyranny of Merit adicionado com sucesso
Livro: On Aristotle adicionado com sucesso
Livro: Dick Gregory's political primer adicionado com sucesso
Livro: Range adicionado com sucesso
Livro: How to Change Your Mind adicionado com sucesso
Livro: Ghost Work adicionado com sucesso
Livro: Digital_Humanities adicionado com sucesso
Livro: Why We Sleep adicionado com sucesso
Livro: World brain adicionado com sucesso
Livro: Good faith collaboration adicionado com sucesso
Livro: The matrix adicionado com sucesso
Livro: Too much to know adicionado com sucesso
Livro: The Coddling of the American Mind adicionado com sucesso
Livro: Bowling Alone adicionado com sucesso
Livro: The Psychology of Money adicionado com sucesso
Livro: In Defense of Food adicionado com sucesso
Livro: The Wizard and the Prophet adicionado com sucesso
Livro: Decolonizing wealth adicionado com sucesso
Livro: Lessons from the Titans adicionado com sucesso
Livro: Thinking, fast and slow adicionado com sucesso
Livro: Spiel adicionado com sucesso
Livro: The Cold Start Problem adicionado com sucesso
Livro: The Body Keeps the Score adicionado com sucesso
Livro: Sex at Dawn adicionado com sucesso
Livro: Sex and reason adicionado com sucesso
Livro: Dubliners adicionado com sucesso
Livro: Killing the black body adicionado com sucesso
Livro: Are We Smart Enough to Know How Smart Animals Are? adicionado com sucesso
Livro: Trust and Reciprocity adicionado com sucesso
Livro: Fordlandia adicionado com sucesso
Livro: The Righteous Mind adicionado com sucesso
Livro: The lost books of the Odyssey adicionado com sucesso
Livro: Stand on Zanzibar adicionado com sucesso
Livro: Skunk Works : a personal memoir of my years at Lockheed adicionado com sucesso
Livro: Thinking in systems adicionado com sucesso
Livro: The order of evils adicionado com sucesso

Livro: The order of evils emprestado

Livro: Thinking in systems emprestado

Livro nao encontrado na biblioteca

Livro: Thinking in systems devolvido para a biblioteca

Livro encontrado com sucesso:
Codigo: OL3737036W
Nome do livro: Thinking in systems
Nome do autor: Donella H. Meadows
Ano de publicacao: 2008

Livro encontrado com sucesso:
Codigo: OL3737036W
Nome do livro: Thinking in systems
Nome do autor: Donella H. Meadows
Ano de publicacao: 2008

Livro encontrado com sucesso:
Codigo: OL3737036W
Nome do livro: Thinking in systems
Nome do autor: Donella H. Meadows
Ano de publicacao: 2008

Livro indisponivel na biblioteca
